DEBUG - 2025-01-06 03:14:52 --> Session: Class initialized using 'CodeIgniter\Session\Handlers\FileHandler' driver.
DEBUG - 2025-01-06 03:15:03 --> Session: Class initialized using 'CodeIgniter\Session\Handlers\FileHandler' driver.
DEBUG - 2025-01-06 03:15:15 --> Session: Class initialized using 'CodeIgniter\Session\Handlers\FileHandler' driver.
DEBUG - 2025-01-06 03:15:17 --> Session: Class initialized using 'CodeIgniter\Session\Handlers\FileHandler' driver.
DEBUG - 2025-01-06 03:15:21 --> Session: Class initialized using 'CodeIgniter\Session\Handlers\FileHandler' driver.
DEBUG - 2025-01-06 03:15:21 --> Session: Class initialized using 'CodeIgniter\Session\Handlers\FileHandler' driver.
DEBUG - 2025-01-06 03:15:27 --> Session: Class initialized using 'CodeIgniter\Session\Handlers\FileHandler' driver.
DEBUG - 2025-01-06 03:15:27 --> Executing command: node "D:\NINA\itb\sANtAi\5\tst\CodeIgniter4-develop\app/ThirdParty/puppeteer/scrapeGoogleFlights.js" ""CGK"" ""SIN"" ""2025-01-06""
DEBUG - 2025-01-06 03:16:34 --> Raw output: [
  {
    "airline": "Citilink Indonesia",
    "airlineLogo": {
      "default": "url(https://www.gstatic.com/flights/airline_logos/70px/QG.png)",
      "dark": "url(https://www.gstatic.com/flights/airline_logos/70px/dark/QG.png)"
    },
    "departureTime": "5:10 PM",
    "arrivalTime": "8:00 PM",
    "departureAirport": "CGK",
    "arrivalAirport": "SIN",
    "price": "IDR 1,006,400"
  },
  {
    "airline": "Batik Air",
    "airlineLogo": {
      "default": "url(https://www.gstatic.com/flights/airline_logos/70px/ID.png)",
      "dark": "url(https://www.gstatic.com/flights/airline_logos/70px/dark/ID.png)"
    },
    "departureTime": "6:30 PM",
    "arrivalTime": "9:15 PM",
    "departureAirport": "CGK",
    "arrivalAirport": "SIN",
    "price": "IDR 1,027,600"
  },
  {
    "airline": "Thai Lion Air",
    "airlineLogo": {
      "default": "url(https://www.gstatic.com/flights/airline_logos/70px/SL.png)",
      "dark": "url(https://www.gstatic.com/flights/airline_logos/70px/dark/SL.png)"
    },
    "departureTime": "6:30 PM",
    "arrivalTime": "9:15 PM",
    "departureAirport": "CGK",
    "arrivalAirport": "SIN",
    "price": "IDR 1,027,600"
  },
  {
    "airline": "Jetstar",
    "airlineLogo": {
      "default": "url(https://www.gstatic.com/flights/airline_logos/70px/3K.png)",
      "dark": "url(https://www.gstatic.com/flights/airline_logos/70px/dark/3K.png)"
    },
    "departureTime": "9:25 PM",
    "arrivalTime": "12:20 AM+1",
    "departureAirport": "CGK",
    "arrivalAirport": "SIN",
    "price": "IDR 1,099,000"
  },
  {
    "airline": "Indonesia AirAsia",
    "airlineLogo": {
      "default": "url(https://www.gstatic.com/flights/airline_logos/70px/QZ.png)",
      "dark": "url(https://www.gstatic.com/flights/airline_logos/70px/dark/QZ.png)"
    },
    "departureTime": "4:35 PM",
    "arrivalTime": "7:20 PM",
    "departureAirport": "CGK",
    "arrivalAirport": "SIN",
    "price": "IDR 1,150,768"
  },
  {
    "airline": "Batik Air",
    "airlineLogo": {
      "default": "url(https://www.gstatic.com/flights/airline_logos/70px/ID.png)",
      "dark": "url(https://www.gstatic.com/flights/airline_logos/70px/dark/ID.png)"
    },
    "departureTime": "5:50 PM",
    "arrivalTime": "8:35 PM",
    "departureAirport": "CGK",
    "arrivalAirport": "SIN",
    "price": "IDR 1,327,600"
  },
  {
    "airline": "Thai Lion Air",
    "airlineLogo": {
      "default": "url(https://www.gstatic.com/flights/airline_logos/70px/SL.png)",
      "dark": "url(https://www.gstatic.com/flights/airline_logos/70px/dark/SL.png)"
    },
    "departureTime": "5:50 PM",
    "arrivalTime": "8:35 PM",
    "departureAirport": "CGK",
    "arrivalAirport": "SIN",
    "price": "IDR 1,327,600"
  },
  {
    "airline": "Jetstar",
    "airlineLogo": {
      "default": "url(https://www.gstatic.com/flights/airline_logos/70px/3K.png)",
      "dark": "url(https://www.gstatic.com/flights/airline_logos/70px/dark/3K.png)"
    },
    "departureTime": "4:15 PM",
    "arrivalTime": "7:15 PM",
    "departureAirport": "CGK",
    "arrivalAirport": "SIN",
    "price": "IDR 1,399,000"
  },
  {
    "airline": "Scoot",
    "airlineLogo": {
      "default": "url(https://www.gstatic.com/flights/airline_logos/70px/TR.png)",
      "dark": "url(https://www.gstatic.com/flights/airline_logos/70px/dark/TR.png)"
    },
    "departureTime": "8:15 PM",
    "arrivalTime": "11:00 PM",
    "departureAirport": "CGK",
    "arrivalAirport": "SIN",
    "price": "IDR 1,664,600"
  },
  {
    "airline": "Batik Air",
    "airlineLogo": {
      "default": "url(https://www.gstatic.com/flights/airline_logos/70px/ID.png)",
      "dark": "url(https://www.gstatic.com/flights/airline_logos/70px/dark/ID.png)"
    },
    "departureTime": "12:30 PM",
    "arrivalTime": "3:15 PM",
    "departureAirport": "CGK",
    "arrivalAirport": "SIN",
    "price": "IDR 1,677,600"
  },
  {
    "airline": "Indonesia AirAsia",
    "airlineLogo": {
      "default": "url(https://www.gstatic.com/flights/airline_logos/70px/QZ.png)",
      "dark": "url(https://www.gstatic.com/flights/airline_logos/70px/dark/QZ.png)"
    },
    "departureTime": "11:15 AM",
    "arrivalTime": "2:00 PM",
    "departureAirport": "CGK",
    "arrivalAirport": "SIN",
    "price": "IDR 1,706,000"
  },
  {
    "airline": "Garuda Indonesia",
    "airlineLogo": {
      "default": "url(https://www.gstatic.com/flights/airline_logos/70px/GA.png)",
      "dark": "url(https://www.gstatic.com/flights/airline_logos/70px/dark/GA.png)"
    },
    "departureTime": "7:00 PM",
    "arrivalTime": "9:45 PM",
    "departureAirport": "CGK",
    "arrivalAirport": "SIN",
    "price": "IDR 1,851,235"
  },
  {
    "airline": "Garuda Indonesia",
    "airlineLogo": {
      "default": "url(https://www.gstatic.com/flights/airline_logos/70px/GA.png)",
      "dark": "url(https://www.gstatic.com/flights/airline_logos/70px/dark/GA.png)"
    },
    "departureTime": "3:15 PM",
    "arrivalTime": "6:00 PM",
    "departureAirport": "CGK",
    "arrivalAirport": "SIN",
    "price": "IDR 1,881,700"
  },
  {
    "airline": "Garuda Indonesia",
    "airlineLogo": {
      "default": "url(https://www.gstatic.com/flights/airline_logos/70px/GA.png)",
      "dark": "url(https://www.gstatic.com/flights/airline_logos/70px/dark/GA.png)"
    },
    "departureTime": "5:25 PM",
    "arrivalTime": "8:15 PM",
    "departureAirport": "CGK",
    "arrivalAirport": "SIN",
    "price": "IDR 1,881,700"
  },
  {
    "airline": "Garuda Indonesia",
    "airlineLogo": {
      "default": "url(https://www.gstatic.com/flights/airline_logos/70px/GA.png)",
      "dark": "url(https://www.gstatic.com/flights/airline_logos/70px/dark/GA.png)"
    },
    "departureTime": "11:35 AM",
    "arrivalTime": "2:20 PM",
    "departureAirport": "CGK",
    "arrivalAirport": "SIN",
    "price": "IDR 2,860,700"
  },
  {
    "airline": "Singapore Airlines",
    "airlineLogo": {
      "default": "url(https://www.gstatic.com/flights/airline_logos/70px/SQ.png)",
      "dark": "url(https://www.gstatic.com/flights/airline_logos/70px/dark/SQ.png)"
    },
    "departureTime": "5:00 PM",
    "arrivalTime": "7:45 PM",
    "departureAirport": "CGK",
    "arrivalAirport": "SIN",
    "price": "IDR 2,871,200"
  },
  {
    "airline": "Scoot",
    "airlineLogo": {
      "default": "url(https://www.gstatic.com/flights/airline_logos/70px/TR.png)",
      "dark": "url(https://www.gstatic.com/flights/airline_logos/70px/dark/TR.png)"
    },
    "departureTime": "11:20 AM",
    "arrivalTime": "2:05 PM",
    "departureAirport": "CGK",
    "arrivalAirport": "SIN",
    "price": "IDR 3,391,600"
  },
  {
    "airline": "Singapore Airlines",
    "airlineLogo": {
      "default": "url(https://www.gstatic.com/flights/airline_logos/70px/SQ.png)",
      "dark": "url(https://www.gstatic.com/flights/airline_logos/70px/dark/SQ.png)"
    },
    "departureTime": "11:15 AM",
    "arrivalTime": "2:00 PM",
    "departureAirport": "CGK",
    "arrivalAirport": "SIN",
    "price": "IDR 4,251,200"
  },
  {
    "airline": "Singapore Airlines",
    "airlineLogo": {
      "default": "url(https://www.gstatic.com/flights/airline_logos/70px/SQ.png)",
      "dark": "url(https://www.gstatic.com/flights/airline_logos/70px/dark/SQ.png)"
    },
    "departureTime": "2:10 PM",
    "arrivalTime": "4:55 PM",
    "departureAirport": "CGK",
    "arrivalAirport": "SIN",
    "price": "IDR 4,251,200"
  },
  {
    "airline": "Singapore Airlines",
    "airlineLogo": {
      "default": "url(https://www.gstatic.com/flights/airline_logos/70px/SQ.png)",
      "dark": "url(https://www.gstatic.com/flights/airline_logos/70px/dark/SQ.png)"
    },
    "departureTime": "6:00 PM",
    "arrivalTime": "8:55 PM",
    "departureAirport": "CGK",
    "arrivalAirport": "SIN",
    "price": "IDR 4,251,200"
  }
]
CRITICAL - 2025-01-06 03:16:34 --> CodeIgniter\HTTP\Exceptions\BadRequestException: The URI you submitted has disallowed characters: "url(https:"
[Method: GET, Route: url%28https:/www.gstatic.com/flights/airline_logos/70px/QG.png%29]
in SYSTEMPATH\Router\Router.php on line 737.
 1 SYSTEMPATH\Router\Router.php(204): CodeIgniter\Router\Router->checkDisallowedChars('url(https:/www.gstatic.com/flights/airline_logos/70px/QG.png)')
 2 SYSTEMPATH\CodeIgniter.php(834): CodeIgniter\Router\Router->handle('url(https:/www.gstatic.com/flights/airline_logos/70px/QG.png)')
 3 SYSTEMPATH\CodeIgniter.php(457): CodeIgniter\CodeIgniter->tryToRouteIt(Object(CodeIgniter\Router\RouteCollection))
 4 SYSTEMPATH\CodeIgniter.php(355): CodeIgniter\CodeIgniter->handleRequest(null, Object(Config\Cache), false)
 5 SYSTEMPATH\Boot.php(334): CodeIgniter\CodeIgniter->run()
 6 SYSTEMPATH\Boot.php(67): CodeIgniter\Boot::runCodeIgniter(Object(CodeIgniter\CodeIgniter))
 7 FCPATH\index.php(56): CodeIgniter\Boot::bootWeb(Object(Config\Paths))
 8 SYSTEMPATH\rewrite.php(44): require_once('D:\\NINA\\itb\\sANtAi\\5\\tst\\CodeIgniter4-develop\\public\\index.php')
CRITICAL - 2025-01-06 03:16:35 --> CodeIgniter\HTTP\Exceptions\BadRequestException: The URI you submitted has disallowed characters: "url(https:"
[Method: GET, Route: url%28https:/www.gstatic.com/flights/airline_logos/70px/ID.png%29]
in SYSTEMPATH\Router\Router.php on line 737.
 1 SYSTEMPATH\Router\Router.php(204): CodeIgniter\Router\Router->checkDisallowedChars('url(https:/www.gstatic.com/flights/airline_logos/70px/ID.png)')
 2 SYSTEMPATH\CodeIgniter.php(834): CodeIgniter\Router\Router->handle('url(https:/www.gstatic.com/flights/airline_logos/70px/ID.png)')
 3 SYSTEMPATH\CodeIgniter.php(457): CodeIgniter\CodeIgniter->tryToRouteIt(Object(CodeIgniter\Router\RouteCollection))
 4 SYSTEMPATH\CodeIgniter.php(355): CodeIgniter\CodeIgniter->handleRequest(null, Object(Config\Cache), false)
 5 SYSTEMPATH\Boot.php(334): CodeIgniter\CodeIgniter->run()
 6 SYSTEMPATH\Boot.php(67): CodeIgniter\Boot::runCodeIgniter(Object(CodeIgniter\CodeIgniter))
 7 FCPATH\index.php(56): CodeIgniter\Boot::bootWeb(Object(Config\Paths))
 8 SYSTEMPATH\rewrite.php(44): require_once('D:\\NINA\\itb\\sANtAi\\5\\tst\\CodeIgniter4-develop\\public\\index.php')
CRITICAL - 2025-01-06 03:16:35 --> CodeIgniter\HTTP\Exceptions\BadRequestException: The URI you submitted has disallowed characters: "url(https:"
[Method: GET, Route: url%28https:/www.gstatic.com/flights/airline_logos/70px/SL.png%29]
in SYSTEMPATH\Router\Router.php on line 737.
 1 SYSTEMPATH\Router\Router.php(204): CodeIgniter\Router\Router->checkDisallowedChars('url(https:/www.gstatic.com/flights/airline_logos/70px/SL.png)')
 2 SYSTEMPATH\CodeIgniter.php(834): CodeIgniter\Router\Router->handle('url(https:/www.gstatic.com/flights/airline_logos/70px/SL.png)')
 3 SYSTEMPATH\CodeIgniter.php(457): CodeIgniter\CodeIgniter->tryToRouteIt(Object(CodeIgniter\Router\RouteCollection))
 4 SYSTEMPATH\CodeIgniter.php(355): CodeIgniter\CodeIgniter->handleRequest(null, Object(Config\Cache), false)
 5 SYSTEMPATH\Boot.php(334): CodeIgniter\CodeIgniter->run()
 6 SYSTEMPATH\Boot.php(67): CodeIgniter\Boot::runCodeIgniter(Object(CodeIgniter\CodeIgniter))
 7 FCPATH\index.php(56): CodeIgniter\Boot::bootWeb(Object(Config\Paths))
 8 SYSTEMPATH\rewrite.php(44): require_once('D:\\NINA\\itb\\sANtAi\\5\\tst\\CodeIgniter4-develop\\public\\index.php')
CRITICAL - 2025-01-06 03:16:35 --> CodeIgniter\HTTP\Exceptions\BadRequestException: The URI you submitted has disallowed characters: "url(https:"
[Method: GET, Route: url%28https:/www.gstatic.com/flights/airline_logos/70px/3K.png%29]
in SYSTEMPATH\Router\Router.php on line 737.
 1 SYSTEMPATH\Router\Router.php(204): CodeIgniter\Router\Router->checkDisallowedChars('url(https:/www.gstatic.com/flights/airline_logos/70px/3K.png)')
 2 SYSTEMPATH\CodeIgniter.php(834): CodeIgniter\Router\Router->handle('url(https:/www.gstatic.com/flights/airline_logos/70px/3K.png)')
 3 SYSTEMPATH\CodeIgniter.php(457): CodeIgniter\CodeIgniter->tryToRouteIt(Object(CodeIgniter\Router\RouteCollection))
 4 SYSTEMPATH\CodeIgniter.php(355): CodeIgniter\CodeIgniter->handleRequest(null, Object(Config\Cache), false)
 5 SYSTEMPATH\Boot.php(334): CodeIgniter\CodeIgniter->run()
 6 SYSTEMPATH\Boot.php(67): CodeIgniter\Boot::runCodeIgniter(Object(CodeIgniter\CodeIgniter))
 7 FCPATH\index.php(56): CodeIgniter\Boot::bootWeb(Object(Config\Paths))
 8 SYSTEMPATH\rewrite.php(44): require_once('D:\\NINA\\itb\\sANtAi\\5\\tst\\CodeIgniter4-develop\\public\\index.php')
CRITICAL - 2025-01-06 03:16:35 --> CodeIgniter\HTTP\Exceptions\BadRequestException: The URI you submitted has disallowed characters: "url(https:"
[Method: GET, Route: url%28https:/www.gstatic.com/flights/airline_logos/70px/QZ.png%29]
in SYSTEMPATH\Router\Router.php on line 737.
 1 SYSTEMPATH\Router\Router.php(204): CodeIgniter\Router\Router->checkDisallowedChars('url(https:/www.gstatic.com/flights/airline_logos/70px/QZ.png)')
 2 SYSTEMPATH\CodeIgniter.php(834): CodeIgniter\Router\Router->handle('url(https:/www.gstatic.com/flights/airline_logos/70px/QZ.png)')
 3 SYSTEMPATH\CodeIgniter.php(457): CodeIgniter\CodeIgniter->tryToRouteIt(Object(CodeIgniter\Router\RouteCollection))
 4 SYSTEMPATH\CodeIgniter.php(355): CodeIgniter\CodeIgniter->handleRequest(null, Object(Config\Cache), false)
 5 SYSTEMPATH\Boot.php(334): CodeIgniter\CodeIgniter->run()
 6 SYSTEMPATH\Boot.php(67): CodeIgniter\Boot::runCodeIgniter(Object(CodeIgniter\CodeIgniter))
 7 FCPATH\index.php(56): CodeIgniter\Boot::bootWeb(Object(Config\Paths))
 8 SYSTEMPATH\rewrite.php(44): require_once('D:\\NINA\\itb\\sANtAi\\5\\tst\\CodeIgniter4-develop\\public\\index.php')
CRITICAL - 2025-01-06 03:16:35 --> CodeIgniter\HTTP\Exceptions\BadRequestException: The URI you submitted has disallowed characters: "url(https:"
[Method: GET, Route: url%28https:/www.gstatic.com/flights/airline_logos/70px/TR.png%29]
in SYSTEMPATH\Router\Router.php on line 737.
 1 SYSTEMPATH\Router\Router.php(204): CodeIgniter\Router\Router->checkDisallowedChars('url(https:/www.gstatic.com/flights/airline_logos/70px/TR.png)')
 2 SYSTEMPATH\CodeIgniter.php(834): CodeIgniter\Router\Router->handle('url(https:/www.gstatic.com/flights/airline_logos/70px/TR.png)')
 3 SYSTEMPATH\CodeIgniter.php(457): CodeIgniter\CodeIgniter->tryToRouteIt(Object(CodeIgniter\Router\RouteCollection))
 4 SYSTEMPATH\CodeIgniter.php(355): CodeIgniter\CodeIgniter->handleRequest(null, Object(Config\Cache), false)
 5 SYSTEMPATH\Boot.php(334): CodeIgniter\CodeIgniter->run()
 6 SYSTEMPATH\Boot.php(67): CodeIgniter\Boot::runCodeIgniter(Object(CodeIgniter\CodeIgniter))
 7 FCPATH\index.php(56): CodeIgniter\Boot::bootWeb(Object(Config\Paths))
 8 SYSTEMPATH\rewrite.php(44): require_once('D:\\NINA\\itb\\sANtAi\\5\\tst\\CodeIgniter4-develop\\public\\index.php')
CRITICAL - 2025-01-06 03:16:35 --> CodeIgniter\HTTP\Exceptions\BadRequestException: The URI you submitted has disallowed characters: "url(https:"
[Method: GET, Route: url%28https:/www.gstatic.com/flights/airline_logos/70px/GA.png%29]
in SYSTEMPATH\Router\Router.php on line 737.
 1 SYSTEMPATH\Router\Router.php(204): CodeIgniter\Router\Router->checkDisallowedChars('url(https:/www.gstatic.com/flights/airline_logos/70px/GA.png)')
 2 SYSTEMPATH\CodeIgniter.php(834): CodeIgniter\Router\Router->handle('url(https:/www.gstatic.com/flights/airline_logos/70px/GA.png)')
 3 SYSTEMPATH\CodeIgniter.php(457): CodeIgniter\CodeIgniter->tryToRouteIt(Object(CodeIgniter\Router\RouteCollection))
 4 SYSTEMPATH\CodeIgniter.php(355): CodeIgniter\CodeIgniter->handleRequest(null, Object(Config\Cache), false)
 5 SYSTEMPATH\Boot.php(334): CodeIgniter\CodeIgniter->run()
 6 SYSTEMPATH\Boot.php(67): CodeIgniter\Boot::runCodeIgniter(Object(CodeIgniter\CodeIgniter))
 7 FCPATH\index.php(56): CodeIgniter\Boot::bootWeb(Object(Config\Paths))
 8 SYSTEMPATH\rewrite.php(44): require_once('D:\\NINA\\itb\\sANtAi\\5\\tst\\CodeIgniter4-develop\\public\\index.php')
CRITICAL - 2025-01-06 03:16:35 --> CodeIgniter\HTTP\Exceptions\BadRequestException: The URI you submitted has disallowed characters: "url(https:"
[Method: GET, Route: url%28https:/www.gstatic.com/flights/airline_logos/70px/SQ.png%29]
in SYSTEMPATH\Router\Router.php on line 737.
 1 SYSTEMPATH\Router\Router.php(204): CodeIgniter\Router\Router->checkDisallowedChars('url(https:/www.gstatic.com/flights/airline_logos/70px/SQ.png)')
 2 SYSTEMPATH\CodeIgniter.php(834): CodeIgniter\Router\Router->handle('url(https:/www.gstatic.com/flights/airline_logos/70px/SQ.png)')
 3 SYSTEMPATH\CodeIgniter.php(457): CodeIgniter\CodeIgniter->tryToRouteIt(Object(CodeIgniter\Router\RouteCollection))
 4 SYSTEMPATH\CodeIgniter.php(355): CodeIgniter\CodeIgniter->handleRequest(null, Object(Config\Cache), false)
 5 SYSTEMPATH\Boot.php(334): CodeIgniter\CodeIgniter->run()
 6 SYSTEMPATH\Boot.php(67): CodeIgniter\Boot::runCodeIgniter(Object(CodeIgniter\CodeIgniter))
 7 FCPATH\index.php(56): CodeIgniter\Boot::bootWeb(Object(Config\Paths))
 8 SYSTEMPATH\rewrite.php(44): require_once('D:\\NINA\\itb\\sANtAi\\5\\tst\\CodeIgniter4-develop\\public\\index.php')
DEBUG - 2025-01-06 03:17:17 --> Session: Class initialized using 'CodeIgniter\Session\Handlers\FileHandler' driver.
DEBUG - 2025-01-06 03:17:18 --> Session: Class initialized using 'CodeIgniter\Session\Handlers\FileHandler' driver.
DEBUG - 2025-01-06 03:46:34 --> Session: Class initialized using 'CodeIgniter\Session\Handlers\FileHandler' driver.
DEBUG - 2025-01-06 03:46:37 --> Session: Class initialized using 'CodeIgniter\Session\Handlers\FileHandler' driver.
DEBUG - 2025-01-06 03:46:37 --> Session: Class initialized using 'CodeIgniter\Session\Handlers\FileHandler' driver.
DEBUG - 2025-01-06 03:46:40 --> Session: Class initialized using 'CodeIgniter\Session\Handlers\FileHandler' driver.
DEBUG - 2025-01-06 03:46:42 --> Session: Class initialized using 'CodeIgniter\Session\Handlers\FileHandler' driver.
DEBUG - 2025-01-06 03:46:42 --> Session: Class initialized using 'CodeIgniter\Session\Handlers\FileHandler' driver.
DEBUG - 2025-01-06 03:46:49 --> Session: Class initialized using 'CodeIgniter\Session\Handlers\FileHandler' driver.
DEBUG - 2025-01-06 03:46:51 --> Session: Class initialized using 'CodeIgniter\Session\Handlers\FileHandler' driver.
DEBUG - 2025-01-06 03:46:54 --> Session: Class initialized using 'CodeIgniter\Session\Handlers\FileHandler' driver.
DEBUG - 2025-01-06 03:46:54 --> Session: Class initialized using 'CodeIgniter\Session\Handlers\FileHandler' driver.
DEBUG - 2025-01-06 03:47:00 --> Session: Class initialized using 'CodeIgniter\Session\Handlers\FileHandler' driver.
DEBUG - 2025-01-06 03:47:00 --> Executing command: node "D:\NINA\itb\sANtAi\5\tst\CodeIgniter4-develop\app/ThirdParty/puppeteer/scrapeGoogleFlights.js" ""medan"" ""bandung"" ""2025-01-06""
DEBUG - 2025-01-06 03:47:57 --> Raw output: [
  {
    "airline": "Self transferThis trip includes tickets from multiple airlines. Missed connections may be protected by the booking provider.",
    "airlineLogo": {
      "default": "url(https://www.gstatic.com/flights/airline_logos/70px/multi.png)",
      "dark": "url(https://www.gstatic.com/flights/airline_logos/70px/dark/multi.png)"
    },
    "departureTime": "9:15 PM",
    "arrivalTime": "11:35 AM+1",
    "departureAirport": "KNO",
    "arrivalAirport": "CGK",
    "price": "IDR 2,703,768"
  },
  {
    "airline": "Super Air Jet",
    "airlineLogo": {
      "default": "url(https://www.gstatic.com/flights/airline_logos/70px/IU.png)",
      "dark": "url(https://www.gstatic.com/flights/airline_logos/70px/dark/IU.png)"
    },
    "departureTime": "11:30 AM",
    "arrivalTime": "1:50 PM",
    "departureAirport": "KNO",
    "arrivalAirport": "CGK",
    "price": null
  },
  {
    "airline": "Batik Air",
    "airlineLogo": {
      "default": "url(https://www.gstatic.com/flights/airline_logos/70px/OD.png)",
      "dark": "url(https://www.gstatic.com/flights/airline_logos/70px/dark/OD.png)"
    },
    "departureTime": "6:15 PM",
    "arrivalTime": "3:45 PM+2",
    "departureAirport": "KNO",
    "arrivalAirport": "CGK",
    "price": "IDR 3,007,550"
  },
  {
    "airline": "Batik Air",
    "airlineLogo": {
      "default": "url(https://www.gstatic.com/flights/airline_logos/70px/OD.png)",
      "dark": "url(https://www.gstatic.com/flights/airline_logos/70px/dark/OD.png)"
    },
    "departureTime": "6:15 PM",
    "arrivalTime": "9:35 PM+1",
    "departureAirport": "KNO",
    "arrivalAirport": "CGK",
    "price": "IDR 3,144,300"
  },
  {
    "airline": "Batik Air",
    "airlineLogo": {
      "default": "url(https://www.gstatic.com/flights/airline_logos/70px/OD.png)",
      "dark": "url(https://www.gstatic.com/flights/airline_logos/70px/dark/OD.png)"
    },
    "departureTime": "6:15 PM",
    "arrivalTime": "8:05 PM+1",
    "departureAirport": "KNO",
    "arrivalAirport": "CGK",
    "price": "IDR 4,064,450"
  },
  {
    "airline": "Batik Air",
    "airlineLogo": {
      "default": "url(https://www.gstatic.com/flights/airline_logos/70px/OD.png)",
      "dark": "url(https://www.gstatic.com/flights/airline_logos/70px/dark/OD.png)"
    },
    "departureTime": "6:15 PM",
    "arrivalTime": "8:05 PM+1",
    "departureAirport": "KNO",
    "arrivalAirport": "CGK",
    "price": "IDR 4,079,850"
  },
  {
    "airline": "Batik Air",
    "airlineLogo": {
      "default": "url(https://www.gstatic.com/flights/airline_logos/70px/OD.png)",
      "dark": "url(https://www.gstatic.com/flights/airline_logos/70px/dark/OD.png)"
    },
    "departureTime": "6:15 PM",
    "arrivalTime": "3:45 PM+1",
    "departureAirport": "KNO",
    "arrivalAirport": "CGK",
    "price": "IDR 9,964,750"
  },
  {
    "airline": "Batik Air",
    "airlineLogo": {
      "default": "url(https://www.gstatic.com/flights/airline_logos/70px/OD.png)",
      "dark": "url(https://www.gstatic.com/flights/airline_logos/70px/dark/OD.png)"
    },
    "departureTime": "6:15 PM",
    "arrivalTime": "3:45 PM+1",
    "departureAirport": "KNO",
    "arrivalAirport": "CGK",
    "price": "IDR 9,980,150"
  },
  {
    "airline": "Super Air Jet",
    "airlineLogo": {
      "default": "url(https://www.gstatic.com/flights/airline_logos/70px/IU.png)",
      "dark": "url(https://www.gstatic.com/flights/airline_logos/70px/dark/IU.png)"
    },
    "departureTime": "1:30 PM",
    "arrivalTime": "3:55 PM",
    "departureAirport": "KNO",
    "arrivalAirport": "CGK",
    "price": null
  },
  {
    "airline": "Super Air Jet",
    "airlineLogo": {
      "default": "url(https://www.gstatic.com/flights/airline_logos/70px/IU.png)",
      "dark": "url(https://www.gstatic.com/flights/airline_logos/70px/dark/IU.png)"
    },
    "departureTime": "3:30 PM",
    "arrivalTime": "5:55 PM",
    "departureAirport": "KNO",
    "arrivalAirport": "CGK",
    "price": null
  },
  {
    "airline": "Super Air Jet",
    "airlineLogo": {
      "default": "url(https://www.gstatic.com/flights/airline_logos/70px/IU.png)",
      "dark": "url(https://www.gstatic.com/flights/airline_logos/70px/dark/IU.png)"
    },
    "departureTime": "5:30 PM",
    "arrivalTime": "7:55 PM",
    "departureAirport": "KNO",
    "arrivalAirport": "CGK",
    "price": null
  },
  {
    "airline": "Super Air Jet",
    "airlineLogo": {
      "default": "url(https://www.gstatic.com/flights/airline_logos/70px/IU.png)",
      "dark": "url(https://www.gstatic.com/flights/airline_logos/70px/dark/IU.png)"
    },
    "departureTime": "7:30 PM",
    "arrivalTime": "9:55 PM",
    "departureAirport": "KNO",
    "arrivalAirport": "CGK",
    "price": null
  },
  {
    "airline": "Self transferThis trip includes tickets from multiple airlines. Missed connections may be protected by the booking provider.",
    "airlineLogo": {
      "default": "url(https://www.gstatic.com/flights/airline_logos/70px/multi.png)",
      "dark": "url(https://www.gstatic.com/flights/airline_logos/70px/dark/multi.png)"
    },
    "departureTime": "9:15 PM",
    "arrivalTime": "11:35 AM+1",
    "departureAirport": "KNO",
    "arrivalAirport": "CGK",
    "price": "IDR 2,703,768"
  },
  {
    "airline": "Super Air Jet",
    "airlineLogo": {
      "default": "url(https://www.gstatic.com/flights/airline_logos/70px/IU.png)",
      "dark": "url(https://www.gstatic.com/flights/airline_logos/70px/dark/IU.png)"
    },
    "departureTime": "11:30 AM",
    "arrivalTime": "1:50 PM",
    "departureAirport": "KNO",
    "arrivalAirport": "CGK",
    "price": null
  },
  {
    "airline": "Batik Air",
    "airlineLogo": {
      "default": "url(https://www.gstatic.com/flights/airline_logos/70px/OD.png)",
      "dark": "url(https://www.gstatic.com/flights/airline_logos/70px/dark/OD.png)"
    },
    "departureTime": "6:15 PM",
    "arrivalTime": "3:45 PM+2",
    "departureAirport": "KNO",
    "arrivalAirport": "CGK",
    "price": "IDR 3,007,550"
  },
  {
    "airline": "Batik Air",
    "airlineLogo": {
      "default": "url(https://www.gstatic.com/flights/airline_logos/70px/OD.png)",
      "dark": "url(https://www.gstatic.com/flights/airline_logos/70px/dark/OD.png)"
    },
    "departureTime": "6:15 PM",
    "arrivalTime": "9:35 PM+1",
    "departureAirport": "KNO",
    "arrivalAirport": "CGK",
    "price": "IDR 3,144,300"
  },
  {
    "airline": "Batik Air",
    "airlineLogo": {
      "default": "url(https://www.gstatic.com/flights/airline_logos/70px/OD.png)",
      "dark": "url(https://www.gstatic.com/flights/airline_logos/70px/dark/OD.png)"
    },
    "departureTime": "6:15 PM",
    "arrivalTime": "8:05 PM+1",
    "departureAirport": "KNO",
    "arrivalAirport": "CGK",
    "price": "IDR 4,064,450"
  },
  {
    "airline": "Batik Air",
    "airlineLogo": {
      "default": "url(https://www.gstatic.com/flights/airline_logos/70px/OD.png)",
      "dark": "url(https://www.gstatic.com/flights/airline_logos/70px/dark/OD.png)"
    },
    "departureTime": "6:15 PM",
    "arrivalTime": "8:05 PM+1",
    "departureAirport": "KNO",
    "arrivalAirport": "CGK",
    "price": "IDR 4,079,850"
  },
  {
    "airline": "Batik Air",
    "airlineLogo": {
      "default": "url(https://www.gstatic.com/flights/airline_logos/70px/OD.png)",
      "dark": "url(https://www.gstatic.com/flights/airline_logos/70px/dark/OD.png)"
    },
    "departureTime": "6:15 PM",
    "arrivalTime": "3:45 PM+1",
    "departureAirport": "KNO",
    "arrivalAirport": "CGK",
    "price": "IDR 9,964,750"
  },
  {
    "airline": "Batik Air",
    "airlineLogo": {
      "default": "url(https://www.gstatic.com/flights/airline_logos/70px/OD.png)",
      "dark": "url(https://www.gstatic.com/flights/airline_logos/70px/dark/OD.png)"
    },
    "departureTime": "6:15 PM",
    "arrivalTime": "3:45 PM+1",
    "departureAirport": "KNO",
    "arrivalAirport": "CGK",
    "price": "IDR 9,980,150"
  }
]
CRITICAL - 2025-01-06 03:47:57 --> CodeIgniter\HTTP\Exceptions\BadRequestException: The URI you submitted has disallowed characters: "url(https:"
[Method: GET, Route: url%28https:/www.gstatic.com/flights/airline_logos/70px/multi.png%29]
in SYSTEMPATH\Router\Router.php on line 737.
 1 SYSTEMPATH\Router\Router.php(204): CodeIgniter\Router\Router->checkDisallowedChars('url(https:/www.gstatic.com/flights/airline_logos/70px/multi.png)')
 2 SYSTEMPATH\CodeIgniter.php(834): CodeIgniter\Router\Router->handle('url(https:/www.gstatic.com/flights/airline_logos/70px/multi.png)')
 3 SYSTEMPATH\CodeIgniter.php(457): CodeIgniter\CodeIgniter->tryToRouteIt(Object(CodeIgniter\Router\RouteCollection))
 4 SYSTEMPATH\CodeIgniter.php(355): CodeIgniter\CodeIgniter->handleRequest(null, Object(Config\Cache), false)
 5 SYSTEMPATH\Boot.php(334): CodeIgniter\CodeIgniter->run()
 6 SYSTEMPATH\Boot.php(67): CodeIgniter\Boot::runCodeIgniter(Object(CodeIgniter\CodeIgniter))
 7 FCPATH\index.php(56): CodeIgniter\Boot::bootWeb(Object(Config\Paths))
 8 SYSTEMPATH\rewrite.php(44): require_once('D:\\NINA\\itb\\sANtAi\\5\\tst\\CodeIgniter4-develop\\public\\index.php')
CRITICAL - 2025-01-06 03:47:58 --> CodeIgniter\HTTP\Exceptions\BadRequestException: The URI you submitted has disallowed characters: "url(https:"
[Method: GET, Route: url%28https:/www.gstatic.com/flights/airline_logos/70px/IU.png%29]
in SYSTEMPATH\Router\Router.php on line 737.
 1 SYSTEMPATH\Router\Router.php(204): CodeIgniter\Router\Router->checkDisallowedChars('url(https:/www.gstatic.com/flights/airline_logos/70px/IU.png)')
 2 SYSTEMPATH\CodeIgniter.php(834): CodeIgniter\Router\Router->handle('url(https:/www.gstatic.com/flights/airline_logos/70px/IU.png)')
 3 SYSTEMPATH\CodeIgniter.php(457): CodeIgniter\CodeIgniter->tryToRouteIt(Object(CodeIgniter\Router\RouteCollection))
 4 SYSTEMPATH\CodeIgniter.php(355): CodeIgniter\CodeIgniter->handleRequest(null, Object(Config\Cache), false)
 5 SYSTEMPATH\Boot.php(334): CodeIgniter\CodeIgniter->run()
 6 SYSTEMPATH\Boot.php(67): CodeIgniter\Boot::runCodeIgniter(Object(CodeIgniter\CodeIgniter))
 7 FCPATH\index.php(56): CodeIgniter\Boot::bootWeb(Object(Config\Paths))
 8 SYSTEMPATH\rewrite.php(44): require_once('D:\\NINA\\itb\\sANtAi\\5\\tst\\CodeIgniter4-develop\\public\\index.php')
CRITICAL - 2025-01-06 03:47:58 --> CodeIgniter\HTTP\Exceptions\BadRequestException: The URI you submitted has disallowed characters: "url(https:"
[Method: GET, Route: url%28https:/www.gstatic.com/flights/airline_logos/70px/OD.png%29]
in SYSTEMPATH\Router\Router.php on line 737.
 1 SYSTEMPATH\Router\Router.php(204): CodeIgniter\Router\Router->checkDisallowedChars('url(https:/www.gstatic.com/flights/airline_logos/70px/OD.png)')
 2 SYSTEMPATH\CodeIgniter.php(834): CodeIgniter\Router\Router->handle('url(https:/www.gstatic.com/flights/airline_logos/70px/OD.png)')
 3 SYSTEMPATH\CodeIgniter.php(457): CodeIgniter\CodeIgniter->tryToRouteIt(Object(CodeIgniter\Router\RouteCollection))
 4 SYSTEMPATH\CodeIgniter.php(355): CodeIgniter\CodeIgniter->handleRequest(null, Object(Config\Cache), false)
 5 SYSTEMPATH\Boot.php(334): CodeIgniter\CodeIgniter->run()
 6 SYSTEMPATH\Boot.php(67): CodeIgniter\Boot::runCodeIgniter(Object(CodeIgniter\CodeIgniter))
 7 FCPATH\index.php(56): CodeIgniter\Boot::bootWeb(Object(Config\Paths))
 8 SYSTEMPATH\rewrite.php(44): require_once('D:\\NINA\\itb\\sANtAi\\5\\tst\\CodeIgniter4-develop\\public\\index.php')
DEBUG - 2025-01-06 03:48:41 --> Session: Class initialized using 'CodeIgniter\Session\Handlers\FileHandler' driver.
DEBUG - 2025-01-06 03:48:43 --> Session: Class initialized using 'CodeIgniter\Session\Handlers\FileHandler' driver.
DEBUG - 2025-01-06 03:48:44 --> Session: Class initialized using 'CodeIgniter\Session\Handlers\FileHandler' driver.
DEBUG - 2025-01-06 03:48:44 --> Session: Class initialized using 'CodeIgniter\Session\Handlers\FileHandler' driver.
DEBUG - 2025-01-06 03:49:00 --> Session: Class initialized using 'CodeIgniter\Session\Handlers\FileHandler' driver.
DEBUG - 2025-01-06 03:49:00 --> Session: Class initialized using 'CodeIgniter\Session\Handlers\FileHandler' driver.
DEBUG - 2025-01-06 04:21:15 --> Session: Class initialized using 'CodeIgniter\Session\Handlers\FileHandler' driver.
DEBUG - 2025-01-06 04:21:18 --> Session: Class initialized using 'CodeIgniter\Session\Handlers\FileHandler' driver.
DEBUG - 2025-01-06 04:21:24 --> Session: Class initialized using 'CodeIgniter\Session\Handlers\FileHandler' driver.
DEBUG - 2025-01-06 04:21:26 --> Session: Class initialized using 'CodeIgniter\Session\Handlers\FileHandler' driver.
DEBUG - 2025-01-06 04:21:33 --> Session: Class initialized using 'CodeIgniter\Session\Handlers\FileHandler' driver.
DEBUG - 2025-01-06 04:21:33 --> Session: Class initialized using 'CodeIgniter\Session\Handlers\FileHandler' driver.
DEBUG - 2025-01-06 04:21:43 --> Session: Class initialized using 'CodeIgniter\Session\Handlers\FileHandler' driver.
ERROR - 2025-01-06 04:21:43 --> GoogleFlightsScraper error: Failed to fetch the page. Status code: 302
ERROR - 2025-01-06 04:21:43 --> FlightsController error: Failed to fetch the page. Status code: 302
DEBUG - 2025-01-06 04:36:04 --> Session: Class initialized using 'CodeIgniter\Session\Handlers\FileHandler' driver.
DEBUG - 2025-01-06 04:36:05 --> Session: Class initialized using 'CodeIgniter\Session\Handlers\FileHandler' driver.
DEBUG - 2025-01-06 04:36:49 --> Session: Class initialized using 'CodeIgniter\Session\Handlers\FileHandler' driver.
DEBUG - 2025-01-06 04:36:53 --> Session: Class initialized using 'CodeIgniter\Session\Handlers\FileHandler' driver.
DEBUG - 2025-01-06 06:01:14 --> Session: Class initialized using 'CodeIgniter\Session\Handlers\FileHandler' driver.
DEBUG - 2025-01-06 06:01:15 --> Session: Class initialized using 'CodeIgniter\Session\Handlers\FileHandler' driver.
DEBUG - 2025-01-06 06:01:17 --> Session: Class initialized using 'CodeIgniter\Session\Handlers\FileHandler' driver.
DEBUG - 2025-01-06 06:01:20 --> Session: Class initialized using 'CodeIgniter\Session\Handlers\FileHandler' driver.
DEBUG - 2025-01-06 06:06:58 --> Session: Class initialized using 'CodeIgniter\Session\Handlers\FileHandler' driver.
DEBUG - 2025-01-06 06:09:42 --> Session: Class initialized using 'CodeIgniter\Session\Handlers\FileHandler' driver.
DEBUG - 2025-01-06 06:09:42 --> Session: Class initialized using 'CodeIgniter\Session\Handlers\FileHandler' driver.
DEBUG - 2025-01-06 06:09:52 --> Session: Class initialized using 'CodeIgniter\Session\Handlers\FileHandler' driver.
ERROR - 2025-01-06 06:09:54 --> FlightsController error: Undefined array key "airlineLogo"
CRITICAL - 2025-01-06 06:09:54 --> ErrorException: Undefined array key "airlineLogo"
[Method: GET, Route: flights]
in APPPATH\Views\recomm\flights_results.php on line 56.
 1 APPPATH\Views\recomm\flights_results.php(56): CodeIgniter\Debug\Exceptions->errorHandler(2, 'Undefined array key "airlineLogo"', 'D:\\NINA\\itb\\sANtAi\\CodeIgniter4-develop\\app\\Views\\recomm\\flights_results.php', 56)
 2 SYSTEMPATH\View\View.php(234): include('D:\\NINA\\itb\\sANtAi\\CodeIgniter4-develop\\app\\Views\\recomm\\flights_results.php')
 3 SYSTEMPATH\View\View.php(237): CodeIgniter\View\View->CodeIgniter\View\{closure}()
 4 SYSTEMPATH\Common.php(1171): CodeIgniter\View\View->render('recomm/flights_results', [], true)
 5 APPPATH\Controllers\FlightsController.php(46): view('recomm/flights_results', [...])
 6 SYSTEMPATH\CodeIgniter.php(933): App\Controllers\FlightsController->scrape()
 7 SYSTEMPATH\CodeIgniter.php(509): CodeIgniter\CodeIgniter->runController(Object(App\Controllers\FlightsController))
 8 SYSTEMPATH\CodeIgniter.php(355): CodeIgniter\CodeIgniter->handleRequest(null, Object(Config\Cache), false)
 9 SYSTEMPATH\Boot.php(334): CodeIgniter\CodeIgniter->run()
10 SYSTEMPATH\Boot.php(67): CodeIgniter\Boot::runCodeIgniter(Object(CodeIgniter\CodeIgniter))
11 FCPATH\index.php(56): CodeIgniter\Boot::bootWeb(Object(Config\Paths))
12 SYSTEMPATH\rewrite.php(44): require_once('D:\\NINA\\itb\\sANtAi\\CodeIgniter4-develop\\public\\index.php')
DEBUG - 2025-01-06 06:15:16 --> Session: Class initialized using 'CodeIgniter\Session\Handlers\FileHandler' driver.
ERROR - 2025-01-06 06:15:18 --> FlightsController error: Undefined array key "departureTime"
CRITICAL - 2025-01-06 06:15:18 --> ErrorException: Undefined array key "departureTime"
[Method: GET, Route: flights]
in APPPATH\Views\recomm\flights_results.php on line 63.
 1 APPPATH\Views\recomm\flights_results.php(63): CodeIgniter\Debug\Exceptions->errorHandler(2, 'Undefined array key "departureTime"', 'D:\\NINA\\itb\\sANtAi\\CodeIgniter4-develop\\app\\Views\\recomm\\flights_results.php', 63)
 2 SYSTEMPATH\View\View.php(234): include('D:\\NINA\\itb\\sANtAi\\CodeIgniter4-develop\\app\\Views\\recomm\\flights_results.php')
 3 SYSTEMPATH\View\View.php(237): CodeIgniter\View\View->CodeIgniter\View\{closure}()
 4 SYSTEMPATH\Common.php(1171): CodeIgniter\View\View->render('recomm/flights_results', [], true)
 5 APPPATH\Controllers\FlightsController.php(46): view('recomm/flights_results', [...])
 6 SYSTEMPATH\CodeIgniter.php(933): App\Controllers\FlightsController->scrape()
 7 SYSTEMPATH\CodeIgniter.php(509): CodeIgniter\CodeIgniter->runController(Object(App\Controllers\FlightsController))
 8 SYSTEMPATH\CodeIgniter.php(355): CodeIgniter\CodeIgniter->handleRequest(null, Object(Config\Cache), false)
 9 SYSTEMPATH\Boot.php(334): CodeIgniter\CodeIgniter->run()
10 SYSTEMPATH\Boot.php(67): CodeIgniter\Boot::runCodeIgniter(Object(CodeIgniter\CodeIgniter))
11 FCPATH\index.php(56): CodeIgniter\Boot::bootWeb(Object(Config\Paths))
12 SYSTEMPATH\rewrite.php(44): require_once('D:\\NINA\\itb\\sANtAi\\CodeIgniter4-develop\\public\\index.php')
DEBUG - 2025-01-06 06:16:11 --> Session: Class initialized using 'CodeIgniter\Session\Handlers\FileHandler' driver.
ERROR - 2025-01-06 06:16:13 --> mysqli_sql_exception: Unknown column 'departureAirport' in 'where clause' in D:\NINA\itb\sANtAi\CodeIgniter4-develop\system\Database\MySQLi\Connection.php:312
Stack trace:
#0 D:\NINA\itb\sANtAi\CodeIgniter4-develop\system\Database\MySQLi\Connection.php(312): mysqli->query('SELECT *\nFROM `...', 0)
#1 D:\NINA\itb\sANtAi\CodeIgniter4-develop\system\Database\BaseConnection.php(734): CodeIgniter\Database\MySQLi\Connection->execute('SELECT *\nFROM `...')
#2 D:\NINA\itb\sANtAi\CodeIgniter4-develop\system\Database\BaseConnection.php(648): CodeIgniter\Database\BaseConnection->simpleQuery('SELECT *\nFROM `...')
#3 D:\NINA\itb\sANtAi\CodeIgniter4-develop\system\Database\BaseBuilder.php(1644): CodeIgniter\Database\BaseConnection->query('SELECT *\nFROM `...', Array, false)
#4 D:\NINA\itb\sANtAi\CodeIgniter4-develop\system\Model.php(213): CodeIgniter\Database\BaseBuilder->get()
#5 D:\NINA\itb\sANtAi\CodeIgniter4-develop\system\BaseModel.php(609): CodeIgniter\Model->doFind(false, NULL)
#6 D:\NINA\itb\sANtAi\CodeIgniter4-develop\app\Models\FlightModel.php(36): CodeIgniter\BaseModel->find()
#7 D:\NINA\itb\sANtAi\CodeIgniter4-develop\app\Controllers\FlightsController.php(34): App\Models\FlightModel->searchFlights('CGK', 'SIN', '2025-01-09')
#8 D:\NINA\itb\sANtAi\CodeIgniter4-develop\system\CodeIgniter.php(933): App\Controllers\FlightsController->scrape()
#9 D:\NINA\itb\sANtAi\CodeIgniter4-develop\system\CodeIgniter.php(509): CodeIgniter\CodeIgniter->runController(Object(App\Controllers\FlightsController))
#10 D:\NINA\itb\sANtAi\CodeIgniter4-develop\system\CodeIgniter.php(355): CodeIgniter\CodeIgniter->handleRequest(NULL, Object(Config\Cache), false)
#11 D:\NINA\itb\sANtAi\CodeIgniter4-develop\system\Boot.php(334): CodeIgniter\CodeIgniter->run()
#12 D:\NINA\itb\sANtAi\CodeIgniter4-develop\system\Boot.php(67): CodeIgniter\Boot::runCodeIgniter(Object(CodeIgniter\CodeIgniter))
#13 D:\NINA\itb\sANtAi\CodeIgniter4-develop\public\index.php(56): CodeIgniter\Boot::bootWeb(Object(Config\Paths))
#14 D:\NINA\itb\sANtAi\CodeIgniter4-develop\system\rewrite.php(44): require_once('D:\\NINA\\itb\\sAN...')
#15 {main}
CRITICAL - 2025-01-06 06:16:13 --> CodeIgniter\Database\Exceptions\DatabaseException: Unknown column 'departureAirport' in 'where clause'
[Method: GET, Route: flights]
in SYSTEMPATH\Database\BaseConnection.php on line 688.
 1 SYSTEMPATH\Database\BaseBuilder.php(1644): CodeIgniter\Database\BaseConnection->query('SELECT *
FROM `flights`
WHERE `departureAirport` = :departureAirport:
AND `arrivalAirport` = :arrivalAirport:
AND `flight_date` = :flight_date:
ORDER BY `price` ASC
 LIMIT 20', [...], false)
 2 SYSTEMPATH\Model.php(213): CodeIgniter\Database\BaseBuilder->get()
 3 SYSTEMPATH\BaseModel.php(609): CodeIgniter\Model->doFind(false, null)
 4 APPPATH\Models\FlightModel.php(36): CodeIgniter\BaseModel->find()
 5 APPPATH\Controllers\FlightsController.php(34): App\Models\FlightModel->searchFlights('CGK', 'SIN', '2025-01-09')
 6 SYSTEMPATH\CodeIgniter.php(933): App\Controllers\FlightsController->scrape()
 7 SYSTEMPATH\CodeIgniter.php(509): CodeIgniter\CodeIgniter->runController(Object(App\Controllers\FlightsController))
 8 SYSTEMPATH\CodeIgniter.php(355): CodeIgniter\CodeIgniter->handleRequest(null, Object(Config\Cache), false)
 9 SYSTEMPATH\Boot.php(334): CodeIgniter\CodeIgniter->run()
10 SYSTEMPATH\Boot.php(67): CodeIgniter\Boot::runCodeIgniter(Object(CodeIgniter\CodeIgniter))
11 FCPATH\index.php(56): CodeIgniter\Boot::bootWeb(Object(Config\Paths))
12 SYSTEMPATH\rewrite.php(44): require_once('D:\\NINA\\itb\\sANtAi\\CodeIgniter4-develop\\public\\index.php')
CRITICAL - 2025-01-06 06:16:13 --> [Caused by] CodeIgniter\Database\Exceptions\DatabaseException: Unknown column 'departureAirport' in 'where clause'
in SYSTEMPATH\Database\MySQLi\Connection.php on line 317.
 1 SYSTEMPATH\Database\BaseConnection.php(734): CodeIgniter\Database\MySQLi\Connection->execute('SELECT *
FROM `flights`
WHERE `departureAirport` = \'CGK\'
AND `arrivalAirport` = \'SIN\'
AND `flight_date` = \'2025-01-09\'
ORDER BY `price` ASC
 LIMIT 20')
 2 SYSTEMPATH\Database\BaseConnection.php(648): CodeIgniter\Database\BaseConnection->simpleQuery('SELECT *
FROM `flights`
WHERE `departureAirport` = \'CGK\'
AND `arrivalAirport` = \'SIN\'
AND `flight_date` = \'2025-01-09\'
ORDER BY `price` ASC
 LIMIT 20')
 3 SYSTEMPATH\Database\BaseBuilder.php(1644): CodeIgniter\Database\BaseConnection->query('SELECT *
FROM `flights`
WHERE `departureAirport` = :departureAirport:
AND `arrivalAirport` = :arrivalAirport:
AND `flight_date` = :flight_date:
ORDER BY `price` ASC
 LIMIT 20', [...], false)
 4 SYSTEMPATH\Model.php(213): CodeIgniter\Database\BaseBuilder->get()
 5 SYSTEMPATH\BaseModel.php(609): CodeIgniter\Model->doFind(false, null)
 6 APPPATH\Models\FlightModel.php(36): CodeIgniter\BaseModel->find()
 7 APPPATH\Controllers\FlightsController.php(34): App\Models\FlightModel->searchFlights('CGK', 'SIN', '2025-01-09')
 8 SYSTEMPATH\CodeIgniter.php(933): App\Controllers\FlightsController->scrape()
 9 SYSTEMPATH\CodeIgniter.php(509): CodeIgniter\CodeIgniter->runController(Object(App\Controllers\FlightsController))
10 SYSTEMPATH\CodeIgniter.php(355): CodeIgniter\CodeIgniter->handleRequest(null, Object(Config\Cache), false)
11 SYSTEMPATH\Boot.php(334): CodeIgniter\CodeIgniter->run()
12 SYSTEMPATH\Boot.php(67): CodeIgniter\Boot::runCodeIgniter(Object(CodeIgniter\CodeIgniter))
13 FCPATH\index.php(56): CodeIgniter\Boot::bootWeb(Object(Config\Paths))
14 SYSTEMPATH\rewrite.php(44): require_once('D:\\NINA\\itb\\sANtAi\\CodeIgniter4-develop\\public\\index.php')
CRITICAL - 2025-01-06 06:16:13 --> [Caused by] mysqli_sql_exception: Unknown column 'departureAirport' in 'where clause'
in SYSTEMPATH\Database\MySQLi\Connection.php on line 312.
 1 SYSTEMPATH\Database\MySQLi\Connection.php(312): mysqli->query('SELECT *
FROM `flights`
WHERE `departureAirport` = \'CGK\'
AND `arrivalAirport` = \'SIN\'
AND `flight_date` = \'2025-01-09\'
ORDER BY `price` ASC
 LIMIT 20', 0)
 2 SYSTEMPATH\Database\BaseConnection.php(734): CodeIgniter\Database\MySQLi\Connection->execute('SELECT *
FROM `flights`
WHERE `departureAirport` = \'CGK\'
AND `arrivalAirport` = \'SIN\'
AND `flight_date` = \'2025-01-09\'
ORDER BY `price` ASC
 LIMIT 20')
 3 SYSTEMPATH\Database\BaseConnection.php(648): CodeIgniter\Database\BaseConnection->simpleQuery('SELECT *
FROM `flights`
WHERE `departureAirport` = \'CGK\'
AND `arrivalAirport` = \'SIN\'
AND `flight_date` = \'2025-01-09\'
ORDER BY `price` ASC
 LIMIT 20')
 4 SYSTEMPATH\Database\BaseBuilder.php(1644): CodeIgniter\Database\BaseConnection->query('SELECT *
FROM `flights`
WHERE `departureAirport` = :departureAirport:
AND `arrivalAirport` = :arrivalAirport:
AND `flight_date` = :flight_date:
ORDER BY `price` ASC
 LIMIT 20', [...], false)
 5 SYSTEMPATH\Model.php(213): CodeIgniter\Database\BaseBuilder->get()
 6 SYSTEMPATH\BaseModel.php(609): CodeIgniter\Model->doFind(false, null)
 7 APPPATH\Models\FlightModel.php(36): CodeIgniter\BaseModel->find()
 8 APPPATH\Controllers\FlightsController.php(34): App\Models\FlightModel->searchFlights('CGK', 'SIN', '2025-01-09')
 9 SYSTEMPATH\CodeIgniter.php(933): App\Controllers\FlightsController->scrape()
10 SYSTEMPATH\CodeIgniter.php(509): CodeIgniter\CodeIgniter->runController(Object(App\Controllers\FlightsController))
11 SYSTEMPATH\CodeIgniter.php(355): CodeIgniter\CodeIgniter->handleRequest(null, Object(Config\Cache), false)
12 SYSTEMPATH\Boot.php(334): CodeIgniter\CodeIgniter->run()
13 SYSTEMPATH\Boot.php(67): CodeIgniter\Boot::runCodeIgniter(Object(CodeIgniter\CodeIgniter))
14 FCPATH\index.php(56): CodeIgniter\Boot::bootWeb(Object(Config\Paths))
15 SYSTEMPATH\rewrite.php(44): require_once('D:\\NINA\\itb\\sANtAi\\CodeIgniter4-develop\\public\\index.php')
DEBUG - 2025-01-06 06:17:16 --> Session: Class initialized using 'CodeIgniter\Session\Handlers\FileHandler' driver.
DEBUG - 2025-01-06 06:17:45 --> Session: Class initialized using 'CodeIgniter\Session\Handlers\FileHandler' driver.
DEBUG - 2025-01-06 06:26:37 --> Session: Class initialized using 'CodeIgniter\Session\Handlers\FileHandler' driver.
DEBUG - 2025-01-06 06:26:43 --> Session: Class initialized using 'CodeIgniter\Session\Handlers\FileHandler' driver.
DEBUG - 2025-01-06 06:26:47 --> Session: Class initialized using 'CodeIgniter\Session\Handlers\FileHandler' driver.
DEBUG - 2025-01-06 06:26:51 --> Session: Class initialized using 'CodeIgniter\Session\Handlers\FileHandler' driver.
DEBUG - 2025-01-06 06:27:00 --> Session: Class initialized using 'CodeIgniter\Session\Handlers\FileHandler' driver.
DEBUG - 2025-01-06 06:27:19 --> Session: Class initialized using 'CodeIgniter\Session\Handlers\FileHandler' driver.
DEBUG - 2025-01-06 06:53:19 --> Session: Class initialized using 'CodeIgniter\Session\Handlers\FileHandler' driver.
DEBUG - 2025-01-06 06:53:20 --> Session: Class initialized using 'CodeIgniter\Session\Handlers\FileHandler' driver.
DEBUG - 2025-01-06 06:53:22 --> Session: Class initialized using 'CodeIgniter\Session\Handlers\FileHandler' driver.
DEBUG - 2025-01-06 06:53:22 --> Session: Class initialized using 'CodeIgniter\Session\Handlers\FileHandler' driver.
DEBUG - 2025-01-06 07:05:25 --> Session: Class initialized using 'CodeIgniter\Session\Handlers\FileHandler' driver.
DEBUG - 2025-01-06 07:05:44 --> Session: Class initialized using 'CodeIgniter\Session\Handlers\FileHandler' driver.
ERROR - 2025-01-06 07:05:46 --> mysqli_sql_exception: Table 'travelplanner.hotels_images' doesn't exist in D:\NINA\itb\sANtAi\CodeIgniter4-develop\system\Database\MySQLi\Connection.php:312
Stack trace:
#0 D:\NINA\itb\sANtAi\CodeIgniter4-develop\system\Database\MySQLi\Connection.php(312): mysqli->query('SELECT *\nFROM `...', 0)
#1 D:\NINA\itb\sANtAi\CodeIgniter4-develop\system\Database\BaseConnection.php(734): CodeIgniter\Database\MySQLi\Connection->execute('SELECT *\nFROM `...')
#2 D:\NINA\itb\sANtAi\CodeIgniter4-develop\system\Database\BaseConnection.php(648): CodeIgniter\Database\BaseConnection->simpleQuery('SELECT *\nFROM `...')
#3 D:\NINA\itb\sANtAi\CodeIgniter4-develop\system\Database\BaseBuilder.php(1644): CodeIgniter\Database\BaseConnection->query('SELECT *\nFROM `...', Array, false)
#4 D:\NINA\itb\sANtAi\CodeIgniter4-develop\app\Models\HotelModel.php(43): CodeIgniter\Database\BaseBuilder->get()
#5 D:\NINA\itb\sANtAi\CodeIgniter4-develop\app\Models\HotelModel.php(32): App\Models\HotelModel->getHotelImages('1')
#6 D:\NINA\itb\sANtAi\CodeIgniter4-develop\app\Controllers\HotelsController.php(39): App\Models\HotelModel->getHotelsWithDetails('Singapore', 1, 10)
#7 D:\NINA\itb\sANtAi\CodeIgniter4-develop\system\CodeIgniter.php(933): App\Controllers\HotelsController->scrape()
#8 D:\NINA\itb\sANtAi\CodeIgniter4-develop\system\CodeIgniter.php(509): CodeIgniter\CodeIgniter->runController(Object(App\Controllers\HotelsController))
#9 D:\NINA\itb\sANtAi\CodeIgniter4-develop\system\CodeIgniter.php(355): CodeIgniter\CodeIgniter->handleRequest(NULL, Object(Config\Cache), false)
#10 D:\NINA\itb\sANtAi\CodeIgniter4-develop\system\Boot.php(334): CodeIgniter\CodeIgniter->run()
#11 D:\NINA\itb\sANtAi\CodeIgniter4-develop\system\Boot.php(67): CodeIgniter\Boot::runCodeIgniter(Object(CodeIgniter\CodeIgniter))
#12 D:\NINA\itb\sANtAi\CodeIgniter4-develop\public\index.php(56): CodeIgniter\Boot::bootWeb(Object(Config\Paths))
#13 D:\NINA\itb\sANtAi\CodeIgniter4-develop\system\rewrite.php(44): require_once('D:\\NINA\\itb\\sAN...')
#14 {main}
CRITICAL - 2025-01-06 07:05:46 --> CodeIgniter\Database\Exceptions\DatabaseException: Table 'travelplanner.hotels_images' doesn't exist
[Method: GET, Route: hotels]
in SYSTEMPATH\Database\BaseConnection.php on line 688.
 1 SYSTEMPATH\Database\BaseBuilder.php(1644): CodeIgniter\Database\BaseConnection->query('SELECT *
FROM `hotels_images`
WHERE `hotel_id` = :hotel_id:', [...], false)
 2 APPPATH\Models\HotelModel.php(43): CodeIgniter\Database\BaseBuilder->get()
 3 APPPATH\Models\HotelModel.php(32): App\Models\HotelModel->getHotelImages('1')
 4 APPPATH\Controllers\HotelsController.php(39): App\Models\HotelModel->getHotelsWithDetails('Singapore', 1, 10)
 5 SYSTEMPATH\CodeIgniter.php(933): App\Controllers\HotelsController->scrape()
 6 SYSTEMPATH\CodeIgniter.php(509): CodeIgniter\CodeIgniter->runController(Object(App\Controllers\HotelsController))
 7 SYSTEMPATH\CodeIgniter.php(355): CodeIgniter\CodeIgniter->handleRequest(null, Object(Config\Cache), false)
 8 SYSTEMPATH\Boot.php(334): CodeIgniter\CodeIgniter->run()
 9 SYSTEMPATH\Boot.php(67): CodeIgniter\Boot::runCodeIgniter(Object(CodeIgniter\CodeIgniter))
10 FCPATH\index.php(56): CodeIgniter\Boot::bootWeb(Object(Config\Paths))
11 SYSTEMPATH\rewrite.php(44): require_once('D:\\NINA\\itb\\sANtAi\\CodeIgniter4-develop\\public\\index.php')
CRITICAL - 2025-01-06 07:05:46 --> [Caused by] CodeIgniter\Database\Exceptions\DatabaseException: Table 'travelplanner.hotels_images' doesn't exist
in SYSTEMPATH\Database\MySQLi\Connection.php on line 317.
 1 SYSTEMPATH\Database\BaseConnection.php(734): CodeIgniter\Database\MySQLi\Connection->execute('SELECT *
FROM `hotels_images`
WHERE `hotel_id` = \'1\'')
 2 SYSTEMPATH\Database\BaseConnection.php(648): CodeIgniter\Database\BaseConnection->simpleQuery('SELECT *
FROM `hotels_images`
WHERE `hotel_id` = \'1\'')
 3 SYSTEMPATH\Database\BaseBuilder.php(1644): CodeIgniter\Database\BaseConnection->query('SELECT *
FROM `hotels_images`
WHERE `hotel_id` = :hotel_id:', [...], false)
 4 APPPATH\Models\HotelModel.php(43): CodeIgniter\Database\BaseBuilder->get()
 5 APPPATH\Models\HotelModel.php(32): App\Models\HotelModel->getHotelImages('1')
 6 APPPATH\Controllers\HotelsController.php(39): App\Models\HotelModel->getHotelsWithDetails('Singapore', 1, 10)
 7 SYSTEMPATH\CodeIgniter.php(933): App\Controllers\HotelsController->scrape()
 8 SYSTEMPATH\CodeIgniter.php(509): CodeIgniter\CodeIgniter->runController(Object(App\Controllers\HotelsController))
 9 SYSTEMPATH\CodeIgniter.php(355): CodeIgniter\CodeIgniter->handleRequest(null, Object(Config\Cache), false)
10 SYSTEMPATH\Boot.php(334): CodeIgniter\CodeIgniter->run()
11 SYSTEMPATH\Boot.php(67): CodeIgniter\Boot::runCodeIgniter(Object(CodeIgniter\CodeIgniter))
12 FCPATH\index.php(56): CodeIgniter\Boot::bootWeb(Object(Config\Paths))
13 SYSTEMPATH\rewrite.php(44): require_once('D:\\NINA\\itb\\sANtAi\\CodeIgniter4-develop\\public\\index.php')
CRITICAL - 2025-01-06 07:05:46 --> [Caused by] mysqli_sql_exception: Table 'travelplanner.hotels_images' doesn't exist
in SYSTEMPATH\Database\MySQLi\Connection.php on line 312.
 1 SYSTEMPATH\Database\MySQLi\Connection.php(312): mysqli->query('SELECT *
FROM `hotels_images`
WHERE `hotel_id` = \'1\'', 0)
 2 SYSTEMPATH\Database\BaseConnection.php(734): CodeIgniter\Database\MySQLi\Connection->execute('SELECT *
FROM `hotels_images`
WHERE `hotel_id` = \'1\'')
 3 SYSTEMPATH\Database\BaseConnection.php(648): CodeIgniter\Database\BaseConnection->simpleQuery('SELECT *
FROM `hotels_images`
WHERE `hotel_id` = \'1\'')
 4 SYSTEMPATH\Database\BaseBuilder.php(1644): CodeIgniter\Database\BaseConnection->query('SELECT *
FROM `hotels_images`
WHERE `hotel_id` = :hotel_id:', [...], false)
 5 APPPATH\Models\HotelModel.php(43): CodeIgniter\Database\BaseBuilder->get()
 6 APPPATH\Models\HotelModel.php(32): App\Models\HotelModel->getHotelImages('1')
 7 APPPATH\Controllers\HotelsController.php(39): App\Models\HotelModel->getHotelsWithDetails('Singapore', 1, 10)
 8 SYSTEMPATH\CodeIgniter.php(933): App\Controllers\HotelsController->scrape()
 9 SYSTEMPATH\CodeIgniter.php(509): CodeIgniter\CodeIgniter->runController(Object(App\Controllers\HotelsController))
10 SYSTEMPATH\CodeIgniter.php(355): CodeIgniter\CodeIgniter->handleRequest(null, Object(Config\Cache), false)
11 SYSTEMPATH\Boot.php(334): CodeIgniter\CodeIgniter->run()
12 SYSTEMPATH\Boot.php(67): CodeIgniter\Boot::runCodeIgniter(Object(CodeIgniter\CodeIgniter))
13 FCPATH\index.php(56): CodeIgniter\Boot::bootWeb(Object(Config\Paths))
14 SYSTEMPATH\rewrite.php(44): require_once('D:\\NINA\\itb\\sANtAi\\CodeIgniter4-develop\\public\\index.php')
DEBUG - 2025-01-06 07:12:17 --> Session: Class initialized using 'CodeIgniter\Session\Handlers\FileHandler' driver.
ERROR - 2025-01-06 07:12:19 --> mysqli_sql_exception: Table 'travelplanner.hotels_images' doesn't exist in D:\NINA\itb\sANtAi\CodeIgniter4-develop\system\Database\MySQLi\Connection.php:312
Stack trace:
#0 D:\NINA\itb\sANtAi\CodeIgniter4-develop\system\Database\MySQLi\Connection.php(312): mysqli->query('SELECT *\nFROM `...', 0)
#1 D:\NINA\itb\sANtAi\CodeIgniter4-develop\system\Database\BaseConnection.php(734): CodeIgniter\Database\MySQLi\Connection->execute('SELECT *\nFROM `...')
#2 D:\NINA\itb\sANtAi\CodeIgniter4-develop\system\Database\BaseConnection.php(648): CodeIgniter\Database\BaseConnection->simpleQuery('SELECT *\nFROM `...')
#3 D:\NINA\itb\sANtAi\CodeIgniter4-develop\system\Database\BaseBuilder.php(1644): CodeIgniter\Database\BaseConnection->query('SELECT *\nFROM `...', Array, false)
#4 D:\NINA\itb\sANtAi\CodeIgniter4-develop\app\Models\HotelModel.php(43): CodeIgniter\Database\BaseBuilder->get()
#5 D:\NINA\itb\sANtAi\CodeIgniter4-develop\app\Models\HotelModel.php(32): App\Models\HotelModel->getHotelImages('1')
#6 D:\NINA\itb\sANtAi\CodeIgniter4-develop\app\Controllers\HotelsController.php(39): App\Models\HotelModel->getHotelsWithDetails('Singapore', 1, 10)
#7 D:\NINA\itb\sANtAi\CodeIgniter4-develop\system\CodeIgniter.php(933): App\Controllers\HotelsController->scrape()
#8 D:\NINA\itb\sANtAi\CodeIgniter4-develop\system\CodeIgniter.php(509): CodeIgniter\CodeIgniter->runController(Object(App\Controllers\HotelsController))
#9 D:\NINA\itb\sANtAi\CodeIgniter4-develop\system\CodeIgniter.php(355): CodeIgniter\CodeIgniter->handleRequest(NULL, Object(Config\Cache), false)
#10 D:\NINA\itb\sANtAi\CodeIgniter4-develop\system\Boot.php(334): CodeIgniter\CodeIgniter->run()
#11 D:\NINA\itb\sANtAi\CodeIgniter4-develop\system\Boot.php(67): CodeIgniter\Boot::runCodeIgniter(Object(CodeIgniter\CodeIgniter))
#12 D:\NINA\itb\sANtAi\CodeIgniter4-develop\public\index.php(56): CodeIgniter\Boot::bootWeb(Object(Config\Paths))
#13 D:\NINA\itb\sANtAi\CodeIgniter4-develop\system\rewrite.php(44): require_once('D:\\NINA\\itb\\sAN...')
#14 {main}
CRITICAL - 2025-01-06 07:12:19 --> CodeIgniter\Database\Exceptions\DatabaseException: Table 'travelplanner.hotels_images' doesn't exist
[Method: GET, Route: hotels]
in SYSTEMPATH\Database\BaseConnection.php on line 688.
 1 SYSTEMPATH\Database\BaseBuilder.php(1644): CodeIgniter\Database\BaseConnection->query('SELECT *
FROM `hotels_images`
WHERE `hotel_id` = :hotel_id:', [...], false)
 2 APPPATH\Models\HotelModel.php(43): CodeIgniter\Database\BaseBuilder->get()
 3 APPPATH\Models\HotelModel.php(32): App\Models\HotelModel->getHotelImages('1')
 4 APPPATH\Controllers\HotelsController.php(39): App\Models\HotelModel->getHotelsWithDetails('Singapore', 1, 10)
 5 SYSTEMPATH\CodeIgniter.php(933): App\Controllers\HotelsController->scrape()
 6 SYSTEMPATH\CodeIgniter.php(509): CodeIgniter\CodeIgniter->runController(Object(App\Controllers\HotelsController))
 7 SYSTEMPATH\CodeIgniter.php(355): CodeIgniter\CodeIgniter->handleRequest(null, Object(Config\Cache), false)
 8 SYSTEMPATH\Boot.php(334): CodeIgniter\CodeIgniter->run()
 9 SYSTEMPATH\Boot.php(67): CodeIgniter\Boot::runCodeIgniter(Object(CodeIgniter\CodeIgniter))
10 FCPATH\index.php(56): CodeIgniter\Boot::bootWeb(Object(Config\Paths))
11 SYSTEMPATH\rewrite.php(44): require_once('D:\\NINA\\itb\\sANtAi\\CodeIgniter4-develop\\public\\index.php')
CRITICAL - 2025-01-06 07:12:19 --> [Caused by] CodeIgniter\Database\Exceptions\DatabaseException: Table 'travelplanner.hotels_images' doesn't exist
in SYSTEMPATH\Database\MySQLi\Connection.php on line 317.
 1 SYSTEMPATH\Database\BaseConnection.php(734): CodeIgniter\Database\MySQLi\Connection->execute('SELECT *
FROM `hotels_images`
WHERE `hotel_id` = \'1\'')
 2 SYSTEMPATH\Database\BaseConnection.php(648): CodeIgniter\Database\BaseConnection->simpleQuery('SELECT *
FROM `hotels_images`
WHERE `hotel_id` = \'1\'')
 3 SYSTEMPATH\Database\BaseBuilder.php(1644): CodeIgniter\Database\BaseConnection->query('SELECT *
FROM `hotels_images`
WHERE `hotel_id` = :hotel_id:', [...], false)
 4 APPPATH\Models\HotelModel.php(43): CodeIgniter\Database\BaseBuilder->get()
 5 APPPATH\Models\HotelModel.php(32): App\Models\HotelModel->getHotelImages('1')
 6 APPPATH\Controllers\HotelsController.php(39): App\Models\HotelModel->getHotelsWithDetails('Singapore', 1, 10)
 7 SYSTEMPATH\CodeIgniter.php(933): App\Controllers\HotelsController->scrape()
 8 SYSTEMPATH\CodeIgniter.php(509): CodeIgniter\CodeIgniter->runController(Object(App\Controllers\HotelsController))
 9 SYSTEMPATH\CodeIgniter.php(355): CodeIgniter\CodeIgniter->handleRequest(null, Object(Config\Cache), false)
10 SYSTEMPATH\Boot.php(334): CodeIgniter\CodeIgniter->run()
11 SYSTEMPATH\Boot.php(67): CodeIgniter\Boot::runCodeIgniter(Object(CodeIgniter\CodeIgniter))
12 FCPATH\index.php(56): CodeIgniter\Boot::bootWeb(Object(Config\Paths))
13 SYSTEMPATH\rewrite.php(44): require_once('D:\\NINA\\itb\\sANtAi\\CodeIgniter4-develop\\public\\index.php')
CRITICAL - 2025-01-06 07:12:19 --> [Caused by] mysqli_sql_exception: Table 'travelplanner.hotels_images' doesn't exist
in SYSTEMPATH\Database\MySQLi\Connection.php on line 312.
 1 SYSTEMPATH\Database\MySQLi\Connection.php(312): mysqli->query('SELECT *
FROM `hotels_images`
WHERE `hotel_id` = \'1\'', 0)
 2 SYSTEMPATH\Database\BaseConnection.php(734): CodeIgniter\Database\MySQLi\Connection->execute('SELECT *
FROM `hotels_images`
WHERE `hotel_id` = \'1\'')
 3 SYSTEMPATH\Database\BaseConnection.php(648): CodeIgniter\Database\BaseConnection->simpleQuery('SELECT *
FROM `hotels_images`
WHERE `hotel_id` = \'1\'')
 4 SYSTEMPATH\Database\BaseBuilder.php(1644): CodeIgniter\Database\BaseConnection->query('SELECT *
FROM `hotels_images`
WHERE `hotel_id` = :hotel_id:', [...], false)
 5 APPPATH\Models\HotelModel.php(43): CodeIgniter\Database\BaseBuilder->get()
 6 APPPATH\Models\HotelModel.php(32): App\Models\HotelModel->getHotelImages('1')
 7 APPPATH\Controllers\HotelsController.php(39): App\Models\HotelModel->getHotelsWithDetails('Singapore', 1, 10)
 8 SYSTEMPATH\CodeIgniter.php(933): App\Controllers\HotelsController->scrape()
 9 SYSTEMPATH\CodeIgniter.php(509): CodeIgniter\CodeIgniter->runController(Object(App\Controllers\HotelsController))
10 SYSTEMPATH\CodeIgniter.php(355): CodeIgniter\CodeIgniter->handleRequest(null, Object(Config\Cache), false)
11 SYSTEMPATH\Boot.php(334): CodeIgniter\CodeIgniter->run()
12 SYSTEMPATH\Boot.php(67): CodeIgniter\Boot::runCodeIgniter(Object(CodeIgniter\CodeIgniter))
13 FCPATH\index.php(56): CodeIgniter\Boot::bootWeb(Object(Config\Paths))
14 SYSTEMPATH\rewrite.php(44): require_once('D:\\NINA\\itb\\sANtAi\\CodeIgniter4-develop\\public\\index.php')
DEBUG - 2025-01-06 07:15:20 --> Session: Class initialized using 'CodeIgniter\Session\Handlers\FileHandler' driver.
DEBUG - 2025-01-06 07:21:54 --> Session: Class initialized using 'CodeIgniter\Session\Handlers\FileHandler' driver.
ERROR - 2025-01-06 07:21:56 --> HotelsController error: Undefined array key "link"
CRITICAL - 2025-01-06 07:21:56 --> ErrorException: Undefined array key "link"
[Method: GET, Route: hotels]
in APPPATH\Views\recomm\hotels_results.php on line 94.
 1 APPPATH\Views\recomm\hotels_results.php(94): CodeIgniter\Debug\Exceptions->errorHandler(2, 'Undefined array key "link"', 'D:\\NINA\\itb\\sANtAi\\CodeIgniter4-develop\\app\\Views\\recomm\\hotels_results.php', 94)
 2 SYSTEMPATH\View\View.php(234): include('D:\\NINA\\itb\\sANtAi\\CodeIgniter4-develop\\app\\Views\\recomm\\hotels_results.php')
 3 SYSTEMPATH\View\View.php(237): CodeIgniter\View\View->CodeIgniter\View\{closure}()
 4 SYSTEMPATH\Common.php(1171): CodeIgniter\View\View->render('recomm/hotels_results', [...], true)
 5 APPPATH\Controllers\HotelsController.php(69): view('recomm/hotels_results', [...], [...])
 6 SYSTEMPATH\CodeIgniter.php(933): App\Controllers\HotelsController->scrape()
 7 SYSTEMPATH\CodeIgniter.php(509): CodeIgniter\CodeIgniter->runController(Object(App\Controllers\HotelsController))
 8 SYSTEMPATH\CodeIgniter.php(355): CodeIgniter\CodeIgniter->handleRequest(null, Object(Config\Cache), false)
 9 SYSTEMPATH\Boot.php(334): CodeIgniter\CodeIgniter->run()
10 SYSTEMPATH\Boot.php(67): CodeIgniter\Boot::runCodeIgniter(Object(CodeIgniter\CodeIgniter))
11 FCPATH\index.php(56): CodeIgniter\Boot::bootWeb(Object(Config\Paths))
12 SYSTEMPATH\rewrite.php(44): require_once('D:\\NINA\\itb\\sANtAi\\CodeIgniter4-develop\\public\\index.php')
DEBUG - 2025-01-06 07:26:09 --> Session: Class initialized using 'CodeIgniter\Session\Handlers\FileHandler' driver.
DEBUG - 2025-01-06 07:28:31 --> Session: Class initialized using 'CodeIgniter\Session\Handlers\FileHandler' driver.
DEBUG - 2025-01-06 07:38:29 --> Session: Class initialized using 'CodeIgniter\Session\Handlers\FileHandler' driver.
